TN:
SF:src\modules\debts\services\CreateDebtService.ts
FN:11,(anonymous_5)
FN:19,(anonymous_6)
FNF:2
FNH:2
FNDA:11,(anonymous_5)
FNDA:12,(anonymous_6)
DA:1,5
DA:3,5
DA:10,5
DA:13,11
DA:16,11
DA:25,12
DA:27,11
DA:28,11
DA:35,1
DA:38,10
DA:44,10
DA:48,5
LF:12
LH:12
BRDA:25,0,0,1
BRDA:25,0,1,11
BRF:2
BRH:2
end_of_record
TN:
SF:src\modules\debts\services\DeleteDebtService.ts
FN:6,(anonymous_4)
FN:11,(anonymous_5)
FNF:2
FNH:2
FNDA:1,(anonymous_4)
FNDA:1,(anonymous_5)
DA:1,1
DA:5,1
DA:8,1
DA:12,1
DA:13,1
DA:17,1
LF:6
LH:6
BRF:0
BRH:0
end_of_record
TN:
SF:src\modules\debts\services\ListDebtsByCustomerService.ts
FN:9,(anonymous_5)
FN:14,(anonymous_6)
FNF:2
FNH:2
FNDA:7,(anonymous_5)
FNDA:4,(anonymous_6)
DA:1,3
DA:2,3
DA:8,3
DA:11,7
DA:17,4
DA:18,1
DA:20,3
DA:21,3
DA:25,3
LF:9
LH:9
BRDA:17,0,0,1
BRDA:17,0,1,3
BRDA:17,1,0,4
BRDA:17,1,1,4
BRF:4
BRH:4
end_of_record
TN:
SF:src\modules\debts\services\ListDebtsService.ts
FN:14,(anonymous_4)
FN:22,(anonymous_5)
FN:34,(anonymous_6)
FNF:3
FNH:3
FNDA:1,(anonymous_4)
FNDA:1,(anonymous_5)
FNDA:1,(anonymous_6)
DA:1,1
DA:13,1
DA:16,1
DA:19,1
DA:23,1
DA:24,1
DA:30,1
DA:31,1
DA:32,1
DA:33,1
DA:34,1
DA:36,1
DA:37,1
DA:44,1
DA:46,0
DA:51,1
LF:16
LH:15
BRDA:36,0,0,1
BRDA:36,0,1,0
BRF:2
BRH:1
end_of_record
TN:
SF:src\modules\debts\services\UpdateDebtService.ts
FN:11,(anonymous_5)
FN:19,(anonymous_6)
FNF:2
FNH:2
FNDA:4,(anonymous_5)
FNDA:4,(anonymous_6)
DA:1,1
DA:3,1
DA:10,1
DA:13,4
DA:16,4
DA:26,4
DA:28,3
DA:29,3
DA:31,2
DA:32,2
DA:39,1
DA:42,1
DA:43,1
DA:44,1
DA:45,1
DA:47,1
DA:48,1
DA:52,1
LF:18
LH:18
BRDA:26,0,0,1
BRDA:26,0,1,3
BRDA:29,1,0,1
BRDA:29,1,1,2
BRF:4
BRH:4
end_of_record
